1
2
3
a
acceptatie
access
accounting
accounts
acess
acessar
acesso
acid
active
ad
adm
admin
administrador
administrator
admins
ads
adserver
adsl
affiliate
affiliates
agenda
ajuda
alana
alarm
alarme
alfa
allow
alpha
alrm
alumni
aluno
analytics
android
ann
anonimo
anonimous
anonymos
anonymous
antigo
aovivo
apache
apache2
api
aplicacao
aplicativo
apollo
app
apps
ar
archive
armadilha
arquivo
arquivos
art
assets
assina
assinante
at
ataque
atlas
atx
aula
autentica
autenticacao
autenticado
autenticador
auth
auth-mac
auto
autoconfig
autodiscover
av
avatar
ayuda
b
b2b
back
backup
backups
banco
bancodedados
bank
banking
banner
barracuda
bat
batmam
batman
bb
bbs
bemtevi
beta
betatester
biblioteca
billing
bkp
blackboard
block
blog
blogs
bloqueio
bluebox
board
book
booking
bookings
box
brain
brasil
broad
broadcast
broadcast-ip
bsd
bt
bug
bugs
bus
business
buy
c
ca
cabine
cache
cacti
cacto
cactus
caixa
cal
calendar
cam
cam01
cam02
cam1
cam2
camara
camera
cameras
capa
car
card
careers
cart
carta
cartao
cas
casa
cat
catalog
catalogo
catalogue
cc
cctv
cdn
cdn1
cdn2
cel
celta
celular
centauro
center
centerdata
central
centraldecontrole
chat
chi
chimera
chronos
ci
cisco
citrix
claro
classic
classroom
client
cliente
clientes
clients
close
cloud
cloudflare
cloudflare-resolve-to
club
cms
cn
co
cod
coiote
comercio
community
compra
compu
computador
computer
conect
conection
conexao
conference
conferencia
config
configura
configurador
configuration
connect
conta
contact
contacts
contas
content
control
controle
controlecentral
controller
controlp
controlpanel
corp
corporate
correo
correoweb
cp
cpanel
cpd
create
criar
crm
cs
css
cube
customers
cvs
d
da
dado
dados
daemon
data
database
datacenter
datafile
dav
day
db
db1
db2
dbadmin
dbs
dc
ddns
de
debian
default
dell
delphi
delta
demo
demo2
demom
demon
demostration
descargas
desenv
desenvolvimento
design
desktop
deteccao
detect
detecta
dev
dev01
dev1
dev2
devel
developers
development
dhcp
dialin
diana
digama
dir
direcao
direct
directory
direto
diretor
diretorio
disk
dl
dlink
dmz
dns
dns01
dns02
dns1
dns2
dns3
dns4
doc
docs
documentacao
documentation
documento
documentos
domain
domainadmin
domaincontrol
domaincontroller
domain-controller
domaincontrolpanel
domainmanagement
domains
dominio
down
download
downloads
drone
drupal
dsl
e
eaccess
ead
echo
eco
ecologico
ecommerce
edu
eight
ektron
elearning
email
en
eng
english
entrar
epsilon
erp
es
escola
esconde
escondido
escuta
estacao
eta
event
events
ex
example
examples
exchange
ext
ext1
ext2
extern
external
extra
extranet
f
facebook
faculdade
fake
faq
faturamento
fax
fb
feedback
feeds
fi
fiber
fibra
fibraoptica
file
filedata
files
fileserver
filiais
filial
financ
finance
financeiro
fire
firebird
firewall
firewl
five
fluxo
fly
folders
fone
fonte
forms
foro
foros
forum
forums
foto
four
fr
frame
free
freebsd
fs
ftp
ftp1
ftp2
ftpadmin
ftpd
ftpserver
fw
g
gabine
galeria
gallery
gama
game
games
gate
gateway
gerencia
gerenciamento
gerente
gilford
gis
git
globo
gmail
go
google
gpo
grampo
groups
groupwise
gt
gu
guarda
guardiao
guest
guia
guide
gw
gw-srv
hack
hacker
hard
hardware
hash
health
help
helpdesk
hera
heracles
hercules
hermes
hiddem
hide
hids
hips
home
homer
honey
honeypot
host
host2
hosting
hostname
hosts
hotspot
hp
hr
hub
hundred
hypernova
i
ibm
id
idp
ids
im
image
images
images1
images2
images3
images4
images5
images6
images7
images8
imail
imap
imap3
imap3d
imapd
imaps
img
img1
img2
img3
imgs
imogen
in
incoming
ind
index
indexof
industria
industric
info
ingles
inject
inmuebles
instalacao
install
int
intelbras
intelbrass
inter
internal
internet
internetbanking
interno
intra
intranet
io
ios
iota
ip
ip6
ipfixe
iphone
ipmi
ips
ipsec
ipv4
ipv6
irc
ircd
is
isa
isp
it
j
ja
jabber
java
javascript
jboss
jboss2
jira
job
jobs
jogo
jogos
joomla
jp
js
jupiter
k
kb
kerberos
kiosks
l
la
lab
lab01
lab1
laboratories
laboratorio
laboratory
labs
lambda
larga
ldap
leao
legacy
lg
lib
library
link
links
linus
linux
linx
lion
lisa
list
lists
live
lms
local
localhost
log
logar
loghost
login
logon
logs
loja
loja2
london
loopback
love
lp
lync
lyncdiscover
m
m1
m2
mac
magento
mail
mail01
mail1
mail2
mail3
mail4
mail5
mailadmin
mailbackup
mailbox
mailer
mailgate
mailhost
mailing
mailman
mailserver
main
manage
management
manager
mantis
map
mapa
mapeamento
maps
market
marketing
mars
master
math
matrix
matriz
mb
mc
mdm
media
meet
member
members
mercury
meta
meta01
meta02
meta03
meta1
meta2
meta3
metro
microtik
midia
miembros
mijn
minerva
mint
mirror
mk
ml
mm
mob
mobil
mobile
mod
modsec
modsecurity
monit
monitor
monitora
monitoramento
monitoring
moodle
mouse
movil
mrtg
ms
msoid
mssql
munin
music
mx
mx0
mx01
mx02
mx03
mx1
mx2
mx3
mx-a
mx-b
my
mysql
mysql1
mysql2
n
nagios
nas
nat
natal
nelson
neon
net
net1
net2
net3
net4
netmail
netscaler
network
network-ip
networks
new
newmail
news
newsgroups
newsite
newsletter
nine
nl
noc
novell
novo
ns
ns0
ns01
ns02
ns03
ns1
ns10
ns11
ns12
ns2
ns3
ns4
ns5
ns6
ns7
ns8
nt
ntp
ntp1
ntpserver
ntserver
nuvem
nuvens
o
oa
office
office2
oi
old
oldmail
oldsite
oldwww
ombudsman
omega
omicron
on
one
onix
online
op
open
openbsd
opensource
operation
operations
ops
optica
optico
ora
oracle
origin
original
orion
os
osx
ou
outgoing
outlook
ovo
owa
ox
p
pabx
pag
pagamento
page
pagmnt
painel
panel
parede
partner
partners
pass
passwords
pay
payment
payments
pbx
pc
pcanywhere
pda
pegasus
pendrell
personal
pfsense
pgsql
phoenix
phone
photo
photos
php
php5
phpinfo
phpmyadmin
pi
piloto
ping
pm
pma
poczta
policia
policies
pong
pop
pop3
portal
portfolio
post
postgres
postgresql
postman
postmaster
power
pp
ppp
ppp1
pptp
pr
preprod
pre-prod
pre-production
press
preview
print
printer
private
pro
prod
prodruct
producao
production
produto
prof
professional
professor
program
programas
project
projects
projetos
promo
provedor
provider
proxy
prueba
pruebas
psi
pt
ptr
pub
public
publica
publico
python
q
qa
qoppa
qui
r
ra
radio
radius
ras
rdp
recursos
rede
redes
redirect
redmine
register
registra
registrado
registrar
registrenational
registro
relay
relay1
remote
remote2
remotedesktop
remoto
repo
report
reports
repos
research
resolv
resolve
resolver
resources
restrict
restricted
restrige
restringe
restrito
reviews
rfid
rh
rips
ro
robinhood
robo
root
rota
rote
roteador
roteamento
route
router
router01
router1
rss
rt
rtmp
ru
rules
s
s1
s2
s3
s4
sa
sales
samba
sampi
sample
samples
san
sandbox
sc
script
scripts
search
sec
secret
secreta
secretaria
secretario
secreto
secure
security
seg
segredo
seguranca
seguro
senha
senhas
seo
serv
server
server1
server2
service
services
servidor
seven
sf
sftp
share
sharepoint
shell
shop
shopping
show
sigma
signup
sip
_sip
sistema
sistemas
site
siteadmin
sitebuilder
sites
six
slave
small
smart
smnp
sms
smtp
smtp1
smtp2
smtp3
snmp
snort
social
sock
socket
soft
software
solaris
soporte
sos
source
sp
spam
speedtest
_spf
sport
sports
sql
sqlserver
squid
squirrel
squirrelmail
srv
srv01
srv02
srvmatriz
srvone
ssh
ssl
sslvpn
sso
ssql
st
staff
stage
staging
start
stat
static
static1
static2
stats
status
storage
store
stream
streaming
student
sun
suport
suporte
support
survey
sv
svn
sw
switch
swth
system
t
tau
tclient
team
tech
telewerk
telework
temp
ten
test
test1
test2
test3
teste
tester
testing
testsite
testweb
teta
tfs
tftp
thumbs
ticket
tickets
tigre
tim
time
_tls
tools
torvalds
totem
totens
tplink
trac
track
tracker
tracking
tradicional
traf
trafego
train
training
tranfere
tranferencia
transf
travel
tree
treina
treinamento
treinamentos
trinid
trinit
ts
tube
tunnel
tutorials
tv
tvcamara
tw
two
u
uat
uk
unidade
unit
universidade
unix
up
update
upload
uploads
upsilon
us
user
users
usuario
v
v2
vagas
vc
ventas
video
videos
vip
virtua
virtual
vista
vivo
vle
vm
vms
vmware
vnc
vod
voip
vpn
vpn1
vpn2
vpn3
vps
vps1
vps2
w
w3
waf
wall
wap
web
web0
web01
web02
web03
web1
web2
web3
web4
web5
webadmin
webcam
webconf
webconferencia
webct
webdav
webdb
webdisk
weblab
weblog
webmail
webmail2
webmaster
webmin
webpage
websence
websense
webserver
webservice
webservices
webshell
website
webstats
webstore
whm
wifi
wiki
win
win32
windows
wire
wired
wks
word
wordpress
work
workstation
world
wp
ws
wsus
ww
ww0
ww01
ww02
ww03
ww1
ww2
ww3
www
www0
www01
www02
www03
www1
www2
www3
www4
www5
www6
www7
wwwm
wwwold
www-test
wwww
x
xeem
xem
xml
zabbix
zebra
zero
zeta
zeus
zimbra
zona
zone
